[09 Jul 2015 01:37:05,645] INFO main - Calculating Monthly Dealer Totals Report...
[09 Jul 2015 01:37:05,648] INFO main - Calculation Done.
[09 Jul 2015 01:37:05,648] INFO main - Generating Monthly Dealer Totals Report...
[09 Jul 2015 01:37:05,648] INFO main - Successfully generated the Monthly Dealer Totals Report.csv output file.
[09 Jul 2015 01:37:05,648] INFO main - Calculating Monthly Parent Dealer Totals Report...
[09 Jul 2015 01:37:05,649] INFO main - Calculation Done.
[09 Jul 2015 01:37:05,649] INFO main - Generating Monthly Parent Dealer Totals Report...
[09 Jul 2015 01:37:05,649] INFO main - Successfully generated the Monthly Parent Dealer Totals Report.csv output file.
[09 Jul 2015 01:37:05,649] INFO main - Calculating Monthly Dealer Totals Report...
[09 Jul 2015 01:37:05,650] INFO main - Calculation Done.
[09 Jul 2015 01:37:05,650] INFO main - Generating Monthly Dealer Totals Report...
[09 Jul 2015 01:37:05,650] INFO main - Successfully generated the Monthly Dealer Totals Report.csv output file.
[09 Jul 2015 01:37:05,650] INFO main - Calculating Monthly Parent Dealer Totals Report...
[09 Jul 2015 01:37:05,651] INFO main - Calculation Done.
[09 Jul 2015 01:37:05,651] INFO main - Generating Monthly Parent Dealer Totals Report...
[09 Jul 2015 01:37:05,651] INFO main - Successfully generated the Monthly Parent Dealer Totals Report.csv output file.
[09 Jul 2015 01:38:02,104] INFO main - START - Dealers Info Report Generator.
[09 Jul 2015 01:38:02,105] INFO main - Getting the FilePath from user input...
[09 Jul 2015 01:38:23,191] INFO main - Calculating Monthly Dealer Totals Report...
[09 Jul 2015 01:38:23,192] INFO main - Calculation Done.
[09 Jul 2015 01:38:23,192] INFO main - Generating Monthly Dealer Totals Report...
[09 Jul 2015 01:38:23,193] INFO main - Successfully generated the Monthly Dealer Totals Report.csv output file.
[09 Jul 2015 01:38:23,193] INFO main - Calculating Monthly Parent Dealer Totals Report...
[09 Jul 2015 01:38:23,194] INFO main - Calculation Done.
[09 Jul 2015 01:38:23,194] INFO main - Generating Monthly Parent Dealer Totals Report...
[09 Jul 2015 01:38:23,194] INFO main - Successfully generated the Monthly Parent Dealer Totals Report.csv output file.
[09 Jul 2015 01:38:23,194] INFO main - END - Dealers Info Report Generator.
